[00:27:45] [ServerMain/INFO]: Environment: Environment[sessionHost=https://sessionserver.mojang.com, servicesHost=https://api.minecraftservices.com, name=PROD]
[00:27:47] [ServerMain/INFO]: No existing world data, creating new world
[00:27:48] [ServerMain/INFO]: Loaded 1290 recipes
[00:27:48] [ServerMain/INFO]: Loaded 1399 advancements
[00:27:49] [Server thread/INFO]: Starting minecraft server version 1.21.1
[00:27:49] [Server thread/INFO]: Loading properties
[00:27:49] [Server thread/INFO]: Default game type: SURVIVAL
[00:27:49] [Server thread/INFO]: Generating keypair
[00:27:49] [Server thread/INFO]: Starting Minecraft server on *:25565
[00:27:49] [Server thread/INFO]: Using epoll channel type
[00:27:49] [Server thread/WARN]: **** SERVER IS RUNNING IN OFFLINE/INSECURE MODE!
[00:27:49] [Server thread/WARN]: The server will make no attempt to authenticate usernames. Beware.
[00:27:49] [Server thread/WARN]: While this makes the game possible to play without internet access, it also opens up the ability for hackers to connect with any username they choose.
[00:27:49] [Server thread/WARN]: To change this, set "online-mode" to "true" in the server.properties file.
[00:27:49] [Server thread/INFO]: Preparing level "world"
[00:28:02] [Server thread/INFO]: Preparing start region for dimension minecraft:overworld
[00:28:02] [Worker-Main-1/INFO]: Preparing spawn area: 2%
[00:28:03] [Worker-Main-1/INFO]: Preparing spawn area: 2%
[00:28:03] [Worker-Main-1/INFO]: Preparing spawn area: 2%
[00:28:04] [Worker-Main-1/INFO]: Preparing spawn area: 2%
[00:28:04] [Worker-Main-1/INFO]: Preparing spawn area: 2%
[00:28:04] [Worker-Main-1/INFO]: Preparing spawn area: 2%
[00:28:05] [Worker-Main-1/INFO]: Preparing spawn area: 2%
[00:28:06] [Worker-Main-1/INFO]: Preparing spawn area: 2%
[00:28:06] [Worker-Main-1/INFO]: Preparing spawn area: 2%
[00:28:07] [Worker-Main-1/INFO]: Preparing spawn area: 2%
[00:28:07] [Worker-Main-1/INFO]: Preparing spawn area: 2%
[00:28:07] [Worker-Main-1/INFO]: Preparing spawn area: 2%
[00:28:08] [Worker-Main-1/INFO]: Preparing spawn area: 2%
[00:28:09] [Worker-Main-1/INFO]: Preparing spawn area: 6%
[00:28:09] [Worker-Main-1/INFO]: Preparing spawn area: 6%
[00:28:09] [Worker-Main-1/INFO]: Preparing spawn area: 6%
[00:28:10] [Worker-Main-1/INFO]: Preparing spawn area: 6%
[00:28:10] [Worker-Main-1/INFO]: Preparing spawn area: 6%
[00:28:11] [Worker-Main-1/INFO]: Preparing spawn area: 38%
[00:28:12] [Server thread/INFO]: Time elapsed: 9697 ms
[00:28:12] [Server thread/INFO]: Done (22.481s)! For help, type "help"
[00:28:15] [Server thread/INFO]: JayPi_XD[/127.114.177.1:40411] logged in with entity id 5 at (-88.5, 72.0, 39.5)
[00:28:15] [Server thread/INFO]: JayPi_XD joined the game
[00:28:36] [Server thread/WARN]: Can't keep up! Is the server overloaded? Running 2016ms or 40 ticks behind
[00:29:06] [Server thread/INFO]: Luckzow1[/127.210.43.175:45603] logged in with entity id 471 at (-87.5, 70.0, 29.5)
[00:29:06] [Server thread/INFO]: Luckzow1 joined the game
[00:29:08] [Server thread/INFO]: JayPi_XD has made the advancement [Stone Age]
[00:29:22] [Server thread/INFO]: JayPi_XD has made the advancement [Getting an Upgrade]
[00:29:57] [Server thread/INFO]: Luckzow1 has made the advancement [Getting an Upgrade]
[00:37:01] [Server thread/INFO]: Luckzow1 has made the advancement [Stone Age]
[00:39:15] [Server thread/INFO]: Luckzow1 has made the advancement [Sweet Dreams]
[00:39:36] [Server thread/INFO]: JayPi_XD has made the advancement [Sweet Dreams]
[00:39:37] [Server thread/INFO]: [Not Secure] <Luckzow1> zzz
[00:39:37] [Server thread/INFO]: [Not Secure] <Luckzow1> zzzzz
[00:39:38] [Server thread/INFO]: [Not Secure] <Luckzow1> zzz
[00:39:38] [Server thread/INFO]: [Not Secure] <Luckzow1> zzzzz
[00:39:39] [Server thread/INFO]: [Not Secure] <Luckzow1> zzz
[00:39:39] [Server thread/INFO]: [Not Secure] <Luckzow1> zzz
[00:39:40] [Server thread/INFO]: [Not Secure] <Luckzow1> zz
[00:39:40] [Server thread/INFO]: [Not Secure] <Luckzow1> zz
[00:39:40] [Server thread/INFO]: [Not Secure] <Luckzow1> z
[00:39:41] [Server thread/INFO]: [Not Secure] <Luckzow1> zzzz
[00:39:41] [Server thread/INFO]: [Not Secure] <Luckzow1> zzz
[00:39:41] [Server thread/INFO]: [Not Secure] <Luckzow1> zz
[00:41:10] [Server thread/INFO]: Luckzow1 has made the advancement [Acquire Hardware]
[00:44:09] [Server thread/INFO]: Luckzow1 has made the advancement [Monster Hunter]
[00:50:07] [Server thread/INFO]: JayPi_XD has made the advancement [Not Today, Thank You]
[00:50:13] [Server thread/INFO]: JayPi_XD has made the advancement [Monster Hunter]
[00:50:58] [Server thread/INFO]: Luckzow1 has made the advancement [Not Today, Thank You]
[01:05:06] [Server thread/INFO]: Luckzow1 has made the advancement [Isn't It Iron Pick]
[01:05:09] [Server thread/INFO]: Luckzow1 has made the advancement [Diamonds!]
[01:05:21] [Server thread/INFO]: JayPi_XD has made the advancement [Acquire Hardware]
[01:06:43] [Server thread/INFO]: JayPi_XD has made the advancement [Hot Stuff]
[01:13:28] [Server thread/WARN]: Can't keep up! Is the server overloaded? Running 2047ms or 40 ticks behind
[01:15:44] [Server thread/WARN]: Luckzow1 moved wrongly!
[01:16:13] [Server thread/INFO]: Villager cmk['Farmer'/3228, l='ServerLevel[world]', x=683.97, y=111.00, z=41.81] died, message: 'Farmer was slain by Zombie'
[01:16:41] [Server thread/INFO]: Villager cmk['Cartographer'/3229, l='ServerLevel[world]', x=671.59, y=111.00, z=34.71] died, message: 'Cartographer was slain by Zombie'
[01:19:30] [Server thread/INFO]: Luckzow1 has made the advancement [Suit Up]
[01:20:32] [Server thread/INFO]: JayPi_XD has made the advancement [Isn't It Iron Pick]
[01:24:07] [Server thread/INFO]: Luckzow1 has made the advancement [Sneak 100]
[01:24:27] [Server thread/INFO]: Luckzow1 has completed the challenge [It Spreads]
[01:24:53] [Server thread/WARN]: Mismatch in destroy block pos: jd{x=740, y=-28, z=70} jd{x=739, y=-29, z=72}
[01:24:56] [Server thread/WARN]: Mismatch in destroy block pos: jd{x=737, y=-29, z=72} jd{x=734, y=-30, z=73}
[01:26:15] [Server thread/WARN]: Mismatch in destroy block pos: jd{x=736, y=-29, z=61} jd{x=737, y=-30, z=62}
[01:26:18] [Server thread/WARN]: Mismatch in destroy block pos: jd{x=728, y=-32, z=67} jd{x=729, y=-33, z=67}
[01:26:18] [Server thread/WARN]: Mismatch in destroy block pos: jd{x=728, y=-32, z=66} jd{x=729, y=-33, z=67}
[01:27:44] [Server thread/WARN]: handleDisconnection() called twice
[01:37:58] [Server thread/INFO]: Luckzow1 was blown up by Creeper
[01:39:15] [Server thread/INFO]: Teleported Luckzow1 to JayPi_XD
[01:40:14] [Server thread/INFO]: Set Luckzow1's game mode to Survival Mode
[01:44:25] [Server thread/INFO]: Luckzow1 has made the advancement [Take Aim]
[01:48:22] [Server thread/INFO]: Luckzow1 lost connection: Disconnected
[01:48:22] [Server thread/INFO]: Luckzow1 left the game
[01:51:39] [Server thread/INFO]: Luckzow1[/127.210.43.175:60651] logged in with entity id 27631 at (522.0938566297851, -13.0, 135.7211819482796)
[01:51:39] [Server thread/INFO]: Luckzow1 joined the game
[01:53:06] [Server thread/WARN]: Mismatch in destroy block pos: jd{x=657, y=109, z=28} jd{x=656, y=107, z=28}
[02:37:54] [Server thread/WARN]: Mismatch in destroy block pos: jd{x=655, y=106, z=13} jd{x=653, y=105, z=15}
[02:37:54] [Server thread/WARN]: Mismatch in destroy block pos: jd{x=655, y=106, z=13} jd{x=653, y=105, z=15}
[02:38:27] [Server thread/INFO]: Luckzow1 lost connection: Disconnected
[02:38:27] [Server thread/INFO]: Luckzow1 left the game
[02:39:57] [Server thread/INFO]: Luckzow1[/127.210.43.175:37681] logged in with entity id 46640 at (141.9174037387996, 2.0, 236.30000001192093)
[02:39:57] [Server thread/INFO]: Luckzow1 joined the game
[02:40:15] [Server thread/INFO]: Luckzow1 lost connection: Disconnected
[02:40:15] [Server thread/INFO]: Luckzow1 left the game
[02:43:46] [Server thread/INFO]: Luckzow1[/127.210.43.175:36917] logged in with entity id 47841 at (183.9897280598007, -1.0, 210.24222748465738)
[02:43:46] [Server thread/INFO]: Luckzow1 joined the game
[02:43:55] [Server thread/INFO]: Luckzow1 lost connection: Disconnected
[02:43:55] [Server thread/INFO]: Luckzow1 left the game
[02:45:04] [Server thread/INFO]: JayPi_XD lost connection: Disconnected
[02:45:04] [Server thread/INFO]: JayPi_XD left the game
[02:48:36] [Server thread/INFO]: JayPi_XD[/127.114.177.1:57101] logged in with entity id 48474 at (651.6999999880791, 102.0, 33.73654605425887)
[02:48:36] [Server thread/INFO]: JayPi_XD joined the game
[02:49:21] [Server thread/INFO]: Luckzow1[/127.210.43.175:53999] logged in with entity id 49158 at (186.43914500530667, -1.917, 208.30000001192093)
[02:49:21] [Server thread/INFO]: Luckzow1 joined the game
[02:55:44] [Server thread/INFO]: [Not Secure] <JayPi_XD> 665 112 11
[02:58:04] [Server thread/INFO]: JayPi_XD has made the advancement [Diamonds!]
[02:58:53] [Server thread/INFO]: JayPi_XD has made the advancement [Ice Bucket Challenge]
[02:59:00] [Server thread/INFO]: Luckzow1 has made the advancement [Ice Bucket Challenge]
[03:00:09] [Server thread/INFO]: Made JayPi_XD a server operator
[03:00:17] [Server thread/INFO]: Made luckzow a server operator
[03:00:31] [Server thread/INFO]: Made Luckzow1 a server operator
[03:02:14] [Server thread/INFO]: [JayPi_XD: Teleported JayPi_XD to Luckzow1]
[03:06:52] [Server thread/INFO]: JayPi_XD has made the advancement [Suit Up]
[03:07:28] [Server thread/INFO]: Luckzow1 has made the advancement [Cover Me with Diamonds]
[03:09:17] [Server thread/INFO]: JayPi_XD has made the advancement [Cover Me with Diamonds]
[03:09:28] [Server thread/INFO]: Luckzow1 has made the advancement [Enchanter]
[03:10:29] [Server thread/INFO]: JayPi_XD has made the advancement [Enchanter]
[03:13:47] [Server thread/INFO]: JayPi_XD has made the advancement [What a Deal!]
[03:18:02] [Server thread/INFO]: Luckzow1 has made the advancement [What a Deal!]
